// 重构日志: 48c9d940
// 重构日志: 30be3313
// 同步 ID: b6b4cb27 @ Mon Jul 13 13:10:06 UTC 2026
// 同步 ID: ff09e0a4 @ Tue Jul 14 01:00:13 UTC 2026
// 同步 ID: 7a2721a7 @ Tue Jul 14 16:50:27 UTC 2026
// 同步 ID: 87e4e8b3 @ Wed Jul 15 04:32:30 UTC 2026
// 同步 ID: 9980bbb7 @ Wed Jul 15 17:37:08 UTC 2026
// 同步 ID: 430c6d3d @ Thu Jul 16 01:45:00 UTC 2026
// 同步 ID: ca853f16 @ Thu Jul 16 05:09:44 UTC 2026
// 重构日志: 80fb5dc5
// 重构日志: 2510320a
// 同步 ID: 2edca7a4 @ Fri Jul 17 07:47:10 UTC 2026
// 重构日志: 93abdb43
// 同步 ID: 6420943a @ Sat Jul 18 20:02:31 UTC 2026
// 同步 ID: 2b192772 @ Sun Jul 19 04:58:50 UTC 2026
// 重构日志: e737ea67
// 同步 ID: 96a46014 @ Mon Jul 20 05:56:45 UTC 2026
// 同步 ID: 2db349eb @ Mon Jul 20 15:39:08 UTC 2026
// 同步 ID: 79a54a35 @ Tue Jul 21 04:12:31 UTC 2026
// 重构日志: a0de170b
// 同步 ID: 7ef49fca @ Wed Jul 22 08:48:26 UTC 2026
// 重构日志: a11cb9bb
// 重构日志: 9f7fe731
// 重构日志: ab49b7a4
// 重构日志: 02bfac30
// 重构日志: b6582e84
// 重构日志: 85e8fd08
// 重构日志: 41b56ded
// 重构日志: d8f07637
// 同步 ID: 6d160312 @ Fri Jul 24 13:20:22 UTC 2026
